[debug] > Exec(;reload; set _root_.org.jetbrains.sbt.StructureKeys.sbtStructureOptions in Global := "download resolveClassifiers" ;preferScala2;*/*:dumpStructureTo C:/Users/marek/AppData/Local/Temp/sbt-structure.xml; session clear-all ; set ideaPort in Global := 58005, None, None)
[debug] > Exec(reload, None, None)
[debug] > Exec(sbtStashOnFailure, None, None)
[debug] > Exec(onFailure loadFailed, None, None)
[debug] > Exec(loadp, None, None)
[info] welcome to sbt 1.9.8 (Amazon.com Inc. Java 11.0.22)
[debug]       Load.loadUnit: plugins took 12.0237ms
[debug]       Load.loadUnit: defsScala took 0.0056ms
[debug] [Loading] Scanning directory C:\Users\marek\.sbt\1.0\plugins
[debug] [Loading] Found non-root projects 
[debug] [Loading] Done in C:\Users\marek\.sbt\1.0\plugins, returning: ()
[debug] deducing auto plugins based on known facts Set(Atom(sbt.plugins.CorePlugin)) and clauses Clauses(Clause(Atom(sbt.plugins.JvmPlugin),Set(Atom(sbt.plugins.IvyPlugin)))
[debug] Clause(Atom(sbt.ScriptedPlugin),Set(Atom(sbt.plugins.JvmPlugin)))
[debug] Clause(Atom(sbt.plugins.SbtPlugin),Set(Atom(sbt.ScriptedPlugin)))
[debug] Clause(Atom(sbt.plugins.SemanticdbPlugin),Set(Atom(sbt.plugins.JvmPlugin)))
[debug] Clause(Atom(sbt.plugins.JUnitXmlReportPlugin),Set(Atom(sbt.plugins.JvmPlugin)))
[debug] Clause(Atom(sbt.plugins.MiniDependencyTreePlugin),Set(Atom(sbt.plugins.JvmPlugin)))
[debug] Clause(Atom(sbt.plugins.CorePlugin),Set(Atom(sbt.plugins.IvyPlugin)))
[debug] Clause(Atom(sbt.plugins.IvyPlugin),Set(Atom(sbt.plugins.JvmPlugin)))
[debug] Clause(Atom(sbt.plugins.JvmPlugin),Set(Atom(sbt.plugins.SemanticdbPlugin)))
[debug] Clause(Atom(sbt.plugins.JvmPlugin),Set(Atom(sbt.plugins.JUnitXmlReportPlugin)))
[debug] Clause(Atom(sbt.plugins.CorePlugin),Set(Atom(sbt.plugins.Giter8TemplatePlugin)))
[debug] Clause(Atom(sbt.plugins.JvmPlugin),Set(Atom(sbt.plugins.MiniDependencyTreePlugin))))
[debug]   :: deduced result: Matched(sbt.plugins.CorePlugin,sbt.plugins.Giter8TemplatePlugin,sbt.plugins.IvyPlugin,sbt.plugins.JvmPlugin,sbt.plugins.MiniDependencyTreePlugin,sbt.plugins.JUnitXmlReportPlugin,sbt.plugins.SemanticdbPlugin)
[debug] Plugins.deducer#function took 1.2 ms
[debug]           Load.resolveProject(global-plugins) took 0.6273ms
[debug]         Load.loadTransitive: finalizeProject(Project(id global-plugins, base: C:\Users\marek\.sbt\1.0\plugins, plugins: List(<none>))) took 2.1049ms
[debug] [Loading] Done in C:\Users\marek\.sbt\1.0\plugins, returning: (global-plugins)
[debug]       Load.loadUnit: loadedProjectsRaw took 2.7274ms
[debug]       Load.loadUnit: cleanEvalClasses took 0.0064ms
[debug]     Load.loadUnit(file:/C:/Users/marek/.sbt/1.0/plugins/, ...) took 15.9904ms
[debug]   Load.apply: load took 16.5258ms
[debug]   Load.apply: resolveProjects took 0.0667ms
[debug]   Load.apply: finalTransforms took 2.2193ms
[debug]   Load.apply: config.delegates took 0.1134ms
[debug]   Load.apply: Def.make(settings)... took 26.3812ms
[debug]   Load.apply: structureIndex took 8.9827ms
[debug]   Load.apply: mkStreams took 0.0025ms
[info] loading global plugins from C:\Users\marek\.sbt\1.0\plugins
[debug] Running task... Cancel: Signal, check cycles: false, forcegc: true
[debug] Load.defaultLoad until apply took 157.3785ms
[debug]           Load.loadUnit: plugins took 31.894ms
[debug]           Load.loadUnit: defsScala took 0.0018ms
[debug] [Loading] Scanning directory C:\Users\marek\IdeaProjects\akka-essentials\project
[debug]             Load.loadUnit: mkEval took 0.3844ms
[debug] [Loading] Found non-root projects 
[debug] [Loading] Done in C:\Users\marek\IdeaProjects\akka-essentials\project, returning: ()
[debug] deducing auto plugins based on known facts Set(Atom(sbt.plugins.CorePlugin)) and clauses Clauses(Clause(Atom(sbt.plugins.JvmPlugin),Set(Atom(sbt.plugins.IvyPlugin)))
[debug] Clause(Atom(sbt.ScriptedPlugin),Set(Atom(sbt.plugins.JvmPlugin)))
[debug] Clause(Atom(sbt.plugins.SbtPlugin),Set(Atom(sbt.ScriptedPlugin)))
[debug] Clause(Atom(sbt.plugins.SemanticdbPlugin),Set(Atom(sbt.plugins.JvmPlugin)))
[debug] Clause(Atom(sbt.plugins.JUnitXmlReportPlugin),Set(Atom(sbt.plugins.JvmPlugin)))
[debug] Clause(Atom(sbt.plugins.MiniDependencyTreePlugin),Set(Atom(sbt.plugins.JvmPlugin)))
[debug] Clause(Atom(sbt.plugins.CorePlugin),Set(Atom(sbt.plugins.IvyPlugin)))
[debug] Clause(Atom(sbt.plugins.IvyPlugin),Set(Atom(sbt.plugins.JvmPlugin)))
[debug] Clause(Atom(sbt.plugins.JvmPlugin),Set(Atom(sbt.plugins.SemanticdbPlugin)))
[debug] Clause(Atom(sbt.plugins.JvmPlugin),Set(Atom(sbt.plugins.JUnitXmlReportPlugin)))
[debug] Clause(Atom(sbt.plugins.CorePlugin),Set(Atom(sbt.plugins.Giter8TemplatePlugin)))
[debug] Clause(Atom(sbt.plugins.JvmPlugin),Set(Atom(sbt.plugins.MiniDependencyTreePlugin))))
[debug]   :: deduced result: Matched(sbt.plugins.CorePlugin,sbt.plugins.Giter8TemplatePlugin,sbt.plugins.IvyPlugin,sbt.plugins.JvmPlugin,sbt.plugins.MiniDependencyTreePlugin,sbt.plugins.JUnitXmlReportPlugin,sbt.plugins.SemanticdbPlugin)
[debug] Plugins.deducer#function took 1.0369 ms
[info] loading settings for project akka-essentials-build from idea.sbt ...
[debug]               Load.resolveProject(akka-essentials-build) took 9.0802ms
[debug]             Load.loadTransitive: finalizeProject(Project(id akka-essentials-build, base: C:\Users\marek\IdeaProjects\akka-essentials\project, plugins: List(<none>))) took 10.4883ms
[debug] [Loading] Done in C:\Users\marek\IdeaProjects\akka-essentials\project, returning: (akka-essentials-build)
[debug]           Load.loadUnit: loadedProjectsRaw took 31.7183ms
[debug]           Load.loadUnit: cleanEvalClasses took 1.0018ms
[debug]         Load.loadUnit(file:/C:/Users/marek/IdeaProjects/akka-essentials/project/, ...) took 65.0864ms
[debug]       Load.apply: load took 65.7572ms
[debug]       Load.apply: resolveProjects took 0.0632ms
[debug]       Load.apply: finalTransforms took 4.4914ms
[debug]       Load.apply: config.delegates took 0.1674ms
[debug]       Load.apply: Def.make(settings)... took 32.5273ms
[debug]       Load.apply: structureIndex took 9.8102ms
[debug]       Load.apply: mkStreams took 0.0029ms
[info] loading project definition from C:\Users\marek\IdeaProjects\akka-essentials\project
[debug] Running task... Cancel: Signal, check cycles: false, forcegc: true
[debug]     Load.loadUnit: plugins took 246.7946ms
[debug]     Load.loadUnit: defsScala took 0.0019ms
[debug] [Loading] Scanning directory C:\Users\marek\IdeaProjects\akka-essentials
[debug]       Load.loadUnit: mkEval took 0.2965ms
[debug] [Loading] Found root project root w/ remaining 
[debug] deducing auto plugins based on known facts Set(Atom(sbt.plugins.CorePlugin)) and clauses Clauses(Clause(Atom(sbt.plugins.JvmPlugin),Set(Atom(sbt.plugins.IvyPlugin)))
[debug] Clause(Atom(sbt.ScriptedPlugin),Set(Atom(sbt.plugins.JvmPlugin)))
[debug] Clause(Atom(sbt.plugins.SbtPlugin),Set(Atom(sbt.ScriptedPlugin)))
[debug] Clause(Atom(sbt.plugins.SemanticdbPlugin),Set(Atom(sbt.plugins.JvmPlugin)))
[debug] Clause(Atom(sbt.plugins.JUnitXmlReportPlugin),Set(Atom(sbt.plugins.JvmPlugin)))
[debug] Clause(Atom(sbt.plugins.MiniDependencyTreePlugin),Set(Atom(sbt.plugins.JvmPlugin)))
[debug] Clause(Atom(org.jetbrains.sbt.StructurePlugin),Set(Atom(sbt.plugins.JvmPlugin)))
[debug] Clause(Atom(org.jetbrains.sbt.IdeaShellPlugin),Set(Atom(sbt.plugins.JvmPlugin)))
[debug] Clause(Atom(org.jetbrains.sbt.indices.SbtIntellijIndicesPlugin),Set(Atom(sbt.plugins.JvmPlugin)))
[debug] Clause(Atom(sbt.plugins.CorePlugin),Set(Atom(sbt.plugins.IvyPlugin)))
[debug] Clause(Atom(sbt.plugins.IvyPlugin),Set(Atom(sbt.plugins.JvmPlugin)))
[debug] Clause(Atom(sbt.plugins.JvmPlugin),Set(Atom(sbt.plugins.SemanticdbPlugin)))
[debug] Clause(Atom(sbt.plugins.JvmPlugin),Set(Atom(sbt.plugins.JUnitXmlReportPlugin)))
[debug] Clause(Atom(sbt.plugins.CorePlugin),Set(Atom(sbt.plugins.Giter8TemplatePlugin)))
[debug] Clause(Atom(sbt.plugins.JvmPlugin),Set(Atom(sbt.plugins.MiniDependencyTreePlugin)))
[debug] Clause(Atom(sbt.plugins.JvmPlugin),Set(Atom(org.jetbrains.sbt.StructurePlugin)))
[debug] Clause(Atom(sbt.plugins.JvmPlugin),Set(Atom(org.jetbrains.sbt.IdeaShellPlugin)))
[debug] Clause(And(Set(Atom(sbt.plugins.CorePlugin), Atom(sbt.plugins.JvmPlugin))),Set(Atom(org.jetbrains.sbt.indices.SbtIntellijIndicesPlugin))))
[debug]   :: deduced result: Matched(sbt.plugins.CorePlugin,sbt.plugins.Giter8TemplatePlugin,sbt.plugins.IvyPlugin,sbt.plugins.JvmPlugin,sbt.plugins.SemanticdbPlugin,org.jetbrains.sbt.indices.SbtIntellijIndicesPlugin,sbt.plugins.JUnitXmlReportPlugin,org.jetbrains.sbt.IdeaShellPlugin,org.jetbrains.sbt.StructurePlugin,sbt.plugins.MiniDependencyTreePlugin)
[debug] Plugins.deducer#function took 0.7711 ms
[info] loading settings for project root from build.sbt ...
[debug]         Load.resolveProject(root) took 103.0038ms
[debug]       Load.loadTransitive: finalizeProject(Project(id root, base: C:\Users\marek\IdeaProjects\akka-essentials, plugins: List(<none>))) took 104.0626ms
[debug] [Loading] Done in C:\Users\marek\IdeaProjects\akka-essentials, returning: (root)
[debug]     Load.loadUnit: loadedProjectsRaw took 446.8038ms
[debug]     Load.loadUnit: cleanEvalClasses took 2.4267ms
[debug]   Load.loadUnit(file:/C:/Users/marek/IdeaProjects/akka-essentials/, ...) took 696.3066ms
[debug] Load.apply: load took 697.1088ms
[debug] Load.apply: resolveProjects took 0.0569ms
[debug] Load.apply: finalTransforms took 12.9249ms
[debug] Load.apply: config.delegates took 0.1671ms
[debug] Load.apply: Def.make(settings)... took 68.3824ms
[debug] Load.apply: structureIndex took 9.3736ms
[debug] Load.apply: mkStreams took 0.0026ms
[warn] Discarding 1 session setting.  Use 'session save' to persist session settings.
[info] set current project to akka-essentials (in build file:/C:/Users/marek/IdeaProjects/akka-essentials/)
[debug] > Exec(sbtPopOnFailure, None, None)
[debug] > Exec(resumeFromFailure, None, None)
[debug] > Exec(set _root_.org.jetbrains.sbt.StructureKeys.sbtStructureOptions in Global := "download resolveClassifiers", None, None)
[info] Defining Global / sbtStructureOptions
[info] The new value will be used by Global / ssOptions
[debug] Defining 
[debug] 	Global / sbtStructureOptions
[debug] 
[debug] The new value will be used by 
[debug] 	Global / ssOptions
[info] Reapplying settings...
[info] set current project to akka-essentials (in build file:/C:/Users/marek/IdeaProjects/akka-essentials/)
[debug] > Exec(preferScala2, None, None)
[debug] > Exec(*/*:dumpStructureTo C:/Users/marek/AppData/Local/Temp/sbt-structure.xml, None, None)
[debug] Evaluating tasks: Global / dumpStructureTo
[warn] sbt 0.13 shell syntax is deprecated; use slash syntax instead: Global / dumpStructureTo
[debug] Running task... Cancel: Signal, check cycles: false, forcegc: true
[info] Writing structure to C:\Users\marek\AppData\Local\Temp\sbt-structure.xml...
[info] Done.
[success] Total time: 5 s, completed 31. 1. 2024, 13:02:52
[debug] > Exec(session clear-all, None, None)
[info] Reapplying settings...
[info] set current project to akka-essentials (in build file:/C:/Users/marek/IdeaProjects/akka-essentials/)
[debug] > Exec(set ideaPort in Global := 58005, None, None)
[info] Defining Global / ideaPort
[info] The new value will be used by Compile / compile, Test / compile
[debug] Defining 
[debug] 	Global / ideaPort
[debug] 
[debug] The new value will be used by 
[debug] 	Compile / compile
[debug] 	Test / compile
[info] Reapplying settings...
[info] set current project to akka-essentials (in build file:/C:/Users/marek/IdeaProjects/akka-essentials/)
[debug] > Exec(idea-shell, None, None)
[debug] > Exec(, None, None)
[debug] > Exec(idea-shell, None, None)
